<?xml version="1.0" encoding="UTF-8"?>
<testng-results ignored="0" total="1" passed="1" failed="0" skipped="0">
  <reporter-output>
  </reporter-output>
  <suite started-at="2026-04-05T15:23:07 IST" name="Surefire suite" finished-at="2026-04-05T15:23:15 IST" duration-ms="7937">
    <groups>
    </groups>
    <test started-at="2026-04-05T15:23:07 IST" name="Surefire test" finished-at="2026-04-05T15:23:15 IST" duration-ms="7937">
      <class name="learner.homepage">
        <test-method signature="launchWebPage()[pri:0, instance:learner.homepage@c540f5a]" started-at="2026-04-05T15:23:07 IST" name="launchWebPage" finished-at="2026-04-05T15:23:15 IST" duration-ms="7903" status="PASS">
          <reporter-output>
          </reporter-output>
        </test-method> <!-- launchWebPage -->
      </class> <!-- learner.homepage -->
    </test> <!-- Surefire test -->
  </suite> <!-- Surefire suite -->
</testng-results>
