<?xml version="1.0" encoding="UTF-8"?>
<testsuite xmlns:xsi="http://www.w3.org/2001/XMLSchema-instance" xsi:noNamespaceSchemaLocation="https://maven.apache.org/surefire/maven-surefire-plugin/xsd/surefire-test-report-3.0.xsd" version="3.0" name="learner.homepage" time="8.339" tests="1" errors="0" skipped="0" failures="0">
  <properties>
[...]
</properties>
  <testcase name="launchWebPage" classname="learner.homepage" time="7.903">
    <system-out><![CDATA[15:23:07 [main] INFO  com.Log.LoggerControl - PASS: --- Test Started: Automating Chrome New Tab Page ---
Exception while taking screenshot: Cannot invoke "org.openqa.selenium.TakesScreenshot.getScreenshotAs(org.openqa.selenium.OutputType)" because "ts" is null
15:23:07 [main] INFO  com.Log.LoggerControl - PASS: Attempting to launch Chrome and navigate to chrome://newtab/
Exception while taking screenshot: Cannot invoke "org.openqa.selenium.TakesScreenshot.getScreenshotAs(org.openqa.selenium.OutputType)" because "ts" is null
15:23:09 [main] INFO  com.Log.LoggerControl - PASS: Launched chrome browser successfully. Navigating to: chrome://newtab/
Exception while taking screenshot: Cannot invoke "org.openqa.selenium.TakesScreenshot.getScreenshotAs(org.openqa.selenium.OutputType)" because "ts" is null
15:23:10 [main] INFO  com.Log.LoggerControl - PASS: Navigated to chrome://newtab/ successfully.
Exception while taking screenshot: The filename, directory name, or volume label syntax is incorrect
15:23:10 [main] INFO  com.Log.LoggerControl - PASS: Chrome New Tab page launched successfully.
Screenshot saved at: C:\Users\abees\OneDrive\Desktop\Documents\GitHub\selenium\dogiveup/Screenshots/Run_2026-04-05_15/Chrome_New_Tab_page_launched_successfully..png
15:23:10 [main] INFO  com.Log.LoggerControl - PASS: Waiting up to 10 seconds for the first Shadow Host (<ntp-app>)...
Exception while taking screenshot: Illegal char <<> at index 149: C:\Users\abees\OneDrive\Desktop\Documents\GitHub\selenium\dogiveup\Screenshots\Run_2026-04-05_15\Waiting_up_to_10_seconds_for_the_first_Shadow_Host_(<ntp-app>)....png
15:23:10 [main] INFO  com.Log.LoggerControl - PASS: First Shadow Host located successfully.
Screenshot saved at: C:\Users\abees\OneDrive\Desktop\Documents\GitHub\selenium\dogiveup/Screenshots/Run_2026-04-05_15/First_Shadow_Host_located_successfully..png
15:23:11 [main] INFO  com.Log.LoggerControl - PASS: Pierced the first Shadow Root.
Screenshot saved at: C:\Users\abees\OneDrive\Desktop\Documents\GitHub\selenium\dogiveup/Screenshots/Run_2026-04-05_15/Pierced_the_first_Shadow_Root..png
15:23:11 [main] INFO  com.Log.LoggerControl - PASS: Looking for the second Shadow Host (<cr-searchbox>)...
Exception while taking screenshot: Illegal char <<> at index 133: C:\Users\abees\OneDrive\Desktop\Documents\GitHub\selenium\dogiveup\Screenshots\Run_2026-04-05_15\Looking_for_the_second_Shadow_Host_(<cr-searchbox>)....png
15:23:11 [main] INFO  com.Log.LoggerControl - PASS: Second Shadow Host located successfully.
Screenshot saved at: C:\Users\abees\OneDrive\Desktop\Documents\GitHub\selenium\dogiveup/Screenshots/Run_2026-04-05_15/Second_Shadow_Host_located_successfully..png
15:23:11 [main] INFO  com.Log.LoggerControl - PASS: Pierced the second Shadow Root.
Screenshot saved at: C:\Users\abees\OneDrive\Desktop\Documents\GitHub\selenium\dogiveup/Screenshots/Run_2026-04-05_15/Pierced_the_second_Shadow_Root..png
15:23:11 [main] INFO  com.Log.LoggerControl - PASS: Looking for the actual input field...
Screenshot saved at: C:\Users\abees\OneDrive\Desktop\Documents\GitHub\selenium\dogiveup/Screenshots/Run_2026-04-05_15/Looking_for_the_actual_input_field....png
15:23:11 [main] INFO  com.Log.LoggerControl - PASS: Input field found! Typing 'youtube'...
Screenshot saved at: C:\Users\abees\OneDrive\Desktop\Documents\GitHub\selenium\dogiveup/Screenshots/Run_2026-04-05_15/Input_field_found!_Typing_'youtube'....png
15:23:12 [main] INFO  com.Log.LoggerControl - PASS: Pressing the ENTER key...
Screenshot saved at: C:\Users\abees\OneDrive\Desktop\Documents\GitHub\selenium\dogiveup/Screenshots/Run_2026-04-05_15/Pressing_the_ENTER_key....png
15:23:14 [main] INFO  com.Log.LoggerControl - PASS: Search executed successfully!
Screenshot saved at: C:\Users\abees\OneDrive\Desktop\Documents\GitHub\selenium\dogiveup/Screenshots/Run_2026-04-05_15/Search_executed_successfully!.png
15:23:15 [main] INFO  com.Log.LoggerControl - PASS: Cleaning up and closing the browser.
Screenshot saved at: C:\Users\abees\OneDrive\Desktop\Documents\GitHub\selenium\dogiveup/Screenshots/Run_2026-04-05_15/Cleaning_up_and_closing_the_browser..png
15:23:15 [main] INFO  com.Log.LoggerControl - PASS: --- Test Finished ---
Exception while taking screenshot: Cannot invoke "org.openqa.selenium.TakesScreenshot.getScreenshotAs(org.openqa.selenium.OutputType)" because "ts" is null
]]></system-out>
    <system-err><![CDATA[SLF4J(W): No SLF4J providers were found.
SLF4J(W): Defaulting to no-operation (NOP) logger implementation
SLF4J(W): See https://www.slf4j.org/codes.html#noProviders for further details.
Apr 05, 2026 3:23:09 PM org.openqa.selenium.devtools.CdpVersionFinder findNearestMatch
WARNING: Unable to find an exact match for CDP version 146, returning the closest version; found: 145; Please update to a Selenium version that supports CDP version 146
]]></system-err>
  </testcase>
</testsuite>